SF:lib/core/error/failure.dart
DA:6,22
DA:8,2
DA:9,4
DA:13,18
DA:17,18
DA:21,8
LF:6
LH:6
end_of_record
SF:lib/domain/entities/movie.dart
DA:4,21
DA:34,4
DA:35,4
DA:36,4
DA:37,4
DA:38,4
DA:39,4
DA:40,4
DA:41,4
DA:42,4
DA:43,4
DA:44,4
DA:45,4
DA:46,4
DA:47,4
DA:48,4
LF:16
LH:16
end_of_record
SF:lib/domain/usecases/get_now_playing_movies.dart
DA:10,1
DA:12,1
DA:13,2
LF:3
LH:3
end_of_record
SF:lib/ui/views/home/home_provider.dart
DA:9,1
DA:12,2
DA:15,2
DA:17,2
DA:19,0
DA:20,0
DA:24,1
DA:25,1
DA:26,1
DA:28,2
DA:29,1
DA:30,1
DA:31,2
DA:32,1
DA:33,1
DA:35,1
DA:36,1
DA:37,1
DA:38,1
DA:39,1
DA:41,1
DA:42,1
DA:43,1
LF:23
LH:21
end_of_record
SF:lib/data/models/season_model.dart
DA:4,8
DA:12,3
DA:22,6
DA:23,3
DA:24,3
DA:25,3
DA:26,3
DA:27,3
DA:28,3
DA:29,3
DA:32,4
DA:33,2
DA:34,2
DA:35,2
DA:36,2
DA:37,2
DA:38,2
DA:39,2
LF:18
LH:18
end_of_record
SF:lib/domain/entities/season.dart
DA:4,11
DA:22,3
DA:23,3
DA:24,3
DA:25,3
DA:26,3
DA:27,3
DA:28,3
DA:29,3
DA:30,3
LF:10
LH:10
end_of_record
SF:lib/domain/entities/movie_detail.dart
DA:6,10
DA:52,2
DA:53,2
DA:54,2
DA:55,2
DA:56,2
DA:57,2
DA:58,2
DA:59,2
DA:60,2
DA:61,2
DA:62,2
DA:63,2
DA:64,2
LF:14
LH:14
end_of_record
SF:lib/domain/entities/genre.dart
DA:4,19
DA:12,5
DA:13,15
LF:3
LH:3
end_of_record
SF:lib/domain/usecases/get_watchlist_movie_exist_status.dart
DA:6,1
DA:8,1
DA:9,2
LF:3
LH:3
end_of_record
SF:lib/domain/entities/tv.dart
DA:4,12
DA:34,3
DA:35,3
DA:36,3
DA:37,3
DA:38,3
DA:39,3
DA:40,3
DA:41,3
DA:42,3
DA:43,3
DA:44,3
DA:45,3
DA:46,3
DA:47,3
DA:48,3
LF:16
LH:16
end_of_record
SF:lib/domain/entities/tv_detail.dart
DA:7,10
DA:63,2
DA:64,2
DA:65,2
DA:66,2
DA:67,2
DA:68,2
DA:69,2
DA:70,2
DA:71,2
DA:72,2
DA:73,2
DA:74,2
DA:75,2
DA:76,2
DA:77,2
DA:78,2
DA:79,2
DA:80,2
DA:81,2
DA:82,2
DA:83,2
DA:84,2
DA:85,2
DA:86,2
DA:87,2
DA:88,2
DA:89,2
DA:90,2
LF:29
LH:29
end_of_record
SF:lib/domain/usecases/get_on_air_tv.dart
DA:10,1
DA:12,1
DA:13,2
LF:3
LH:3
end_of_record
SF:lib/core/theme/app_colors.dart
DA:13,0
DA:25,0
LF:2
LH:0
end_of_record
SF:lib/core/theme/app_style.dart
DA:6,0
DA:11,0
DA:16,0
DA:21,0
DA:27,0
DA:31,0
DA:35,0
DA:39,0
DA:44,0
DA:48,8
DA:52,12
DA:56,4
DA:61,4
DA:62,4
DA:63,12
DA:64,0
DA:65,0
DA:67,0
DA:73,0
DA:74,0
DA:75,0
DA:76,0
DA:77,0
DA:78,0
LF:24
LH:6
end_of_record
SF:lib/domain/usecases/get_detail_movie.dart
DA:10,1
DA:12,1
DA:13,2
LF:3
LH:3
end_of_record
SF:lib/domain/usecases/get_recommended_movies.dart
DA:10,1
DA:12,1
DA:13,2
LF:3
LH:3
end_of_record
SF:lib/domain/usecases/remove_watchlist_movie.dart
DA:10,1
DA:12,1
DA:13,2
LF:3
LH:3
end_of_record
SF:lib/domain/usecases/save_watchlist_movie.dart
DA:10,1
DA:12,1
DA:13,2
LF:3
LH:3
end_of_record
SF:lib/ui/views/detail/components/detail_content_view.dart
DA:11,2
DA:34,2
DA:36,2
DA:37,2
DA:38,2
DA:39,2
DA:40,2
DA:41,6
DA:50,2
DA:51,2
DA:53,2
DA:54,2
DA:56,2
DA:57,2
DA:58,2
DA:59,2
DA:60,2
DA:64,2
DA:73,2
DA:74,2
DA:75,4
DA:81,2
DA:82,4
DA:83,2
DA:86,3
DA:88,1
DA:94,1
DA:95,2
DA:96,1
DA:100,2
DA:101,2
DA:102,2
DA:103,2
DA:104,4
DA:106,2
DA:107,2
DA:114,2
DA:115,6
DA:116,4
DA:120,2
DA:121,4
DA:122,4
DA:128,2
DA:129,2
DA:131,2
DA:133,2
DA:134,2
DA:135,2
DA:136,2
DA:138,2
DA:139,6
DA:148,2
DA:150,4
DA:151,6
DA:154,2
DA:158,6
DA:161,1
DA:162,1
DA:163,1
DA:165,1
DA:166,1
DA:168,0
LF:62
LH:61
end_of_record
SF:lib/ui/widgets/content_wrapper.dart
DA:10,8
DA:17,4
DA:19,4
DA:21,4
DA:22,4
DA:24,4
DA:26,4
DA:28,4
LF:8
LH:8
end_of_record
SF:lib/ui/widgets/sky_image.dart
DA:13,8
DA:22,8
DA:24,8
DA:26,16
DA:28,8
DA:29,8
DA:31,8
DA:32,8
DA:33,8
DA:34,8
DA:35,8
DA:36,8
DA:37,8
DA:38,16
DA:39,8
DA:40,8
DA:45,0
DA:46,0
DA:47,0
DA:54,0
DA:55,0
DA:56,0
DA:57,0
DA:58,0
DA:59,0
DA:60,0
DA:63,8
DA:64,0
DA:67,0
DA:68,0
DA:69,0
DA:71,0
DA:72,0
LF:33
LH:17
end_of_record
SF:lib/ui/views/detail/components/recommended_component.dart
DA:11,39
DA:13,1
DA:15,1
DA:17,1
DA:18,1
DA:20,1
DA:23,1
DA:24,1
DA:25,1
DA:26,1
DA:27,0
DA:28,1
DA:29,1
DA:40,1
DA:44,1
DA:45,2
DA:46,0
DA:47,0
DA:50,1
DA:52,1
DA:54,2
DA:55,1
DA:56,2
DA:57,1
DA:59,1
DA:60,0
DA:61,0
DA:64,0
DA:67,1
DA:71,1
DA:73,2
DA:74,1
DA:77,0
DA:87,1
DA:88,1
DA:89,1
DA:91,1
LF:37
LH:30
end_of_record
SF:lib/ui/views/detail/detail_view.dart
DA:13,1
DA:17,1
DA:18,1
DA:22,1
DA:24,2
DA:25,2
DA:26,3
DA:27,2
DA:28,3
DA:29,2
DA:30,3
DA:32,1
DA:35,1
DA:37,1
DA:40,1
DA:41,1
DA:42,2
DA:43,2
DA:44,1
DA:45,1
DA:47,1
DA:48,0
DA:49,0
DA:50,0
DA:52,0
DA:54,0
DA:55,0
DA:58,1
DA:60,1
DA:61,1
DA:62,1
DA:79,1
DA:80,1
DA:81,1
DA:82,1
DA:83,2
DA:87,2
DA:88,1
DA:89,1
DA:90,1
DA:92,2
DA:93,2
DA:94,2
DA:95,2
DA:96,1
DA:97,1
DA:98,1
DA:99,1
DA:104,1
DA:106,1
DA:111,1
DA:113,1
DA:116,1
DA:118,0
DA:128,0
DA:129,0
DA:130,0
DA:131,0
DA:132,0
DA:134,0
DA:136,0
DA:137,0
DA:138,0
LF:63
LH:47
end_of_record
SF:lib/ui/views/detail/detail_provider.dart
DA:19,1
DA:28,2
DA:31,2
DA:33,2
DA:36,2
DA:38,2
DA:40,1
DA:41,1
DA:42,1
DA:44,2
DA:45,1
DA:46,1
DA:47,1
DA:48,2
DA:49,1
DA:51,1
DA:52,1
DA:53,1
DA:54,1
DA:59,1
DA:60,1
DA:61,1
DA:63,2
DA:64,1
DA:65,1
DA:66,2
DA:67,1
DA:68,1
DA:70,1
DA:71,1
DA:72,1
DA:73,1
DA:74,1
DA:76,1
DA:77,1
DA:78,1
DA:85,0
DA:88,0
DA:90,0
DA:91,0
DA:92,0
DA:93,0
DA:94,0
DA:96,0
DA:97,0
DA:100,0
DA:103,0
DA:104,0
DA:105,0
DA:106,0
DA:107,0
DA:109,0
DA:110,0
DA:113,0
DA:116,0
DA:117,0
DA:118,0
LF:57
LH:36
end_of_record
SF:lib/ui/widgets/colored_status_bar.dart
DA:14,2
DA:20,2
DA:37,2
DA:40,2
DA:41,0
DA:45,2
DA:48,2
DA:49,2
DA:50,2
DA:54,2
DA:55,2
DA:56,2
DA:59,2
DA:60,2
LF:14
LH:13
end_of_record
SF:lib/domain/usecases/search_movie.dart
DA:10,1
DA:12,1
DA:13,2
LF:3
LH:3
end_of_record
SF:lib/ui/views/search/search_provider.dart
DA:9,1
DA:12,2
DA:15,2
DA:17,2
DA:19,0
DA:21,1
DA:22,1
DA:23,1
DA:25,2
DA:26,1
DA:27,1
DA:28,2
DA:29,1
DA:30,1
DA:32,1
DA:33,1
DA:34,1
DA:35,1
DA:36,1
DA:38,1
DA:39,1
DA:40,1
LF:22
LH:21
end_of_record
SF:lib/ui/views/search/search_view.dart
DA:14,1
DA:16,1
DA:18,1
DA:19,1
DA:20,1
DA:21,1
DA:24,1
DA:26,1
DA:28,1
DA:29,1
DA:30,0
DA:31,0
DA:41,1
DA:43,1
DA:45,1
DA:46,1
DA:47,1
DA:48,1
DA:54,1
DA:55,1
DA:56,1
DA:57,1
DA:59,1
DA:63,1
DA:69,1
DA:70,1
DA:71,1
DA:72,2
DA:74,1
DA:75,2
DA:76,1
DA:77,2
DA:78,2
DA:79,2
DA:80,1
DA:81,0
DA:82,0
DA:85,0
DA:92,1
DA:93,1
DA:94,1
DA:96,1
LF:42
LH:37
end_of_record
SF:lib/ui/widgets/movie_item.dart
DA:13,6
DA:20,6
DA:28,6
DA:30,6
DA:32,6
DA:33,6
DA:34,6
DA:35,6
DA:36,6
DA:41,6
DA:42,6
DA:44,6
DA:45,6
DA:46,6
DA:49,6
DA:52,6
DA:53,6
DA:54,6
DA:55,12
DA:57,6
DA:58,6
DA:65,6
DA:66,18
DA:67,12
DA:73,6
DA:74,6
LF:26
LH:26
end_of_record
SF:lib/ui/widgets/sky_box.dart
DA:8,6
DA:21,6
DA:34,6
DA:36,6
DA:37,6
DA:38,6
DA:39,6
DA:40,12
DA:42,6
DA:43,6
DA:46,6
DA:47,6
DA:48,6
DA:49,6
DA:50,6
DA:51,6
DA:52,6
DA:53,6
DA:54,12
DA:55,6
DA:56,12
DA:59,6
LF:22
LH:22
end_of_record
SF:lib/ui/views/home/components/now_playing_components.dart
DA:13,1
DA:15,1
DA:17,1
DA:18,1
DA:20,1
DA:21,1
DA:22,1
DA:24,1
DA:28,1
DA:29,1
DA:30,1
DA:31,1
DA:32,0
DA:33,1
DA:38,1
DA:44,1
DA:45,1
DA:47,1
DA:49,2
DA:57,1
DA:58,2
DA:59,1
DA:61,2
DA:62,0
DA:63,0
DA:64,0
DA:70,1
DA:71,1
DA:73,2
LF:29
LH:25
end_of_record
SF:lib/ui/widgets/cover_item.dart
DA:9,2
DA:14,2
DA:20,2
DA:22,2
DA:23,2
DA:25,2
DA:26,2
DA:27,2
DA:29,2
DA:30,2
DA:32,2
DA:35,0
LF:12
LH:11
end_of_record
SF:lib/ui/views/home/components/popular_components.dart
DA:14,1
DA:16,1
DA:18,1
DA:19,1
DA:20,1
DA:21,1
DA:23,1
DA:24,1
DA:25,1
DA:27,1
DA:30,1
DA:31,0
DA:39,1
DA:40,1
DA:41,1
DA:42,1
DA:43,0
DA:44,1
DA:49,1
DA:55,1
DA:56,1
DA:58,1
DA:62,2
DA:63,1
DA:64,2
DA:65,1
DA:66,0
DA:67,0
DA:68,0
DA:71,2
DA:76,1
DA:77,1
DA:79,2
LF:33
LH:28
end_of_record
SF:lib/ui/views/popular/popular_provider.dart
DA:9,1
DA:12,2
DA:15,2
DA:17,2
DA:19,0
DA:20,0
DA:24,1
DA:25,1
DA:26,1
DA:27,2
DA:28,1
DA:29,1
DA:30,2
DA:31,1
DA:32,1
DA:34,1
DA:35,1
DA:36,1
DA:37,1
DA:38,1
DA:40,1
DA:41,1
DA:42,1
LF:23
LH:21
end_of_record
SF:lib/domain/usecases/get_popular_movies.dart
DA:10,1
DA:12,1
DA:13,2
LF:3
LH:3
end_of_record
SF:lib/ui/views/popular/popular_view.dart
DA:13,1
DA:15,1
DA:17,1
DA:18,1
DA:21,1
DA:22,1
DA:24,1
DA:25,1
DA:26,1
DA:27,1
DA:28,0
DA:29,1
DA:30,1
DA:31,1
DA:33,1
DA:36,1
DA:40,1
DA:41,1
DA:42,2
DA:43,1
DA:44,2
DA:45,1
DA:46,2
DA:47,2
DA:48,2
DA:49,1
DA:50,0
DA:51,0
DA:54,0
DA:60,1
DA:61,1
DA:62,1
DA:64,1
LF:33
LH:29
end_of_record
SF:lib/domain/usecases/get_top_rated_movies.dart
DA:10,1
DA:12,1
DA:13,2
LF:3
LH:3
end_of_record
SF:lib/ui/views/top_rated/top_rated_provider.dart
DA:9,1
DA:12,2
DA:15,2
DA:17,2
DA:19,0
DA:20,0
DA:24,1
DA:25,1
DA:26,1
DA:28,2
DA:29,1
DA:30,1
DA:31,2
DA:32,1
DA:33,1
DA:35,1
DA:36,1
DA:37,1
DA:38,1
DA:39,1
DA:41,1
DA:42,1
DA:43,1
LF:23
LH:21
end_of_record
SF:lib/domain/usecases/search_tv.dart
DA:10,1
DA:12,1
DA:13,2
LF:3
LH:3
end_of_record
SF:lib/ui/views/tv_search/tv_search_provider.dart
DA:8,1
DA:11,2
DA:14,2
DA:16,2
DA:18,0
DA:20,1
DA:21,1
DA:22,1
DA:24,2
DA:25,1
DA:26,1
DA:27,2
DA:28,1
DA:29,1
DA:31,1
DA:32,1
DA:33,1
DA:34,1
DA:35,1
DA:37,1
DA:38,1
DA:39,1
LF:22
LH:21
end_of_record
SF:lib/ui/views/top_rated/top_rated_view.dart
DA:13,1
DA:15,1
DA:17,1
DA:18,1
DA:21,1
DA:22,1
DA:24,1
DA:25,1
DA:26,1
DA:27,1
DA:28,0
DA:29,1
DA:30,1
DA:31,1
DA:33,1
DA:36,1
DA:40,1
DA:41,1
DA:42,2
DA:43,1
DA:44,2
DA:45,1
DA:46,2
DA:47,2
DA:48,2
DA:49,1
DA:50,0
DA:51,0
DA:54,0
DA:60,1
DA:61,1
DA:62,1
DA:64,1
LF:33
LH:29
end_of_record
SF:lib/domain/usecases/get_detail_tv.dart
DA:10,1
DA:12,1
DA:13,2
LF:3
LH:3
end_of_record
SF:lib/domain/usecases/get_recommended_tv.dart
DA:10,1
DA:12,1
DA:13,2
LF:3
LH:3
end_of_record
SF:lib/domain/usecases/get_watchlist_tv_exist_status.dart
DA:6,1
DA:8,1
DA:9,2
LF:3
LH:3
end_of_record
SF:lib/domain/usecases/remove_watchlist_tv.dart
DA:10,1
DA:12,1
DA:13,2
LF:3
LH:3
end_of_record
SF:lib/domain/usecases/save_watchlist_tv.dart
DA:10,1
DA:12,1
DA:13,2
LF:3
LH:3
end_of_record
SF:lib/ui/views/tv_detail/tv_detail_provider.dart
DA:18,1
DA:27,2
DA:30,2
DA:32,2
DA:35,2
DA:37,2
DA:39,1
DA:40,1
DA:41,1
DA:43,2
DA:44,1
DA:45,1
DA:46,1
DA:47,2
DA:48,1
DA:50,1
DA:51,1
DA:52,1
DA:53,1
DA:58,1
DA:59,1
DA:60,1
DA:62,2
DA:63,1
DA:64,1
DA:65,2
DA:66,1
DA:67,1
DA:69,1
DA:70,1
DA:71,1
DA:72,1
DA:73,1
DA:75,1
DA:76,1
DA:77,1
DA:84,0
DA:87,0
DA:89,0
DA:90,0
DA:91,0
DA:92,0
DA:93,0
DA:95,0
DA:96,0
DA:99,0
DA:102,0
DA:103,0
DA:104,0
DA:105,0
DA:106,0
DA:108,0
DA:109,0
DA:112,0
DA:115,0
DA:116,0
DA:117,0
LF:57
LH:36
end_of_record
SF:lib/ui/views/tv_detail/components/recommended_tv_component.dart
DA:10,11
DA:12,1
DA:14,1
DA:16,1
DA:17,1
DA:19,1
DA:22,1
DA:23,1
DA:24,1
DA:25,1
DA:26,0
DA:27,1
DA:28,1
DA:39,1
DA:43,1
DA:44,2
DA:45,0
DA:46,0
DA:49,1
DA:51,1
DA:53,2
DA:54,1
DA:55,2
DA:56,1
DA:58,1
DA:59,0
DA:60,0
DA:63,0
DA:66,1
DA:70,1
DA:72,2
DA:73,1
DA:76,0
DA:86,1
DA:87,1
DA:88,1
DA:90,1
LF:37
LH:30
end_of_record
SF:lib/ui/views/tv_detail/tv_detail_view.dart
DA:13,1
DA:17,1
DA:18,1
DA:22,1
DA:24,2
DA:25,2
DA:26,3
DA:27,2
DA:28,3
DA:29,2
DA:30,3
DA:32,1
DA:35,1
DA:37,1
DA:40,1
DA:41,1
DA:42,1
DA:43,1
DA:44,2
DA:45,1
DA:46,1
DA:48,1
DA:49,0
DA:50,0
DA:51,0
DA:53,0
DA:55,0
DA:56,0
DA:59,1
DA:61,1
DA:62,1
DA:63,1
DA:83,1
DA:84,1
DA:85,1
DA:86,1
DA:87,2
DA:91,2
DA:92,1
DA:93,1
DA:94,1
DA:96,2
DA:97,2
DA:98,2
DA:99,2
DA:100,1
DA:101,1
DA:102,1
DA:107,1
DA:109,1
DA:114,1
DA:116,1
DA:119,1
DA:121,0
DA:131,0
DA:132,0
DA:133,0
DA:134,0
DA:135,0
DA:137,0
DA:139,0
DA:140,0
DA:141,0
LF:63
LH:47
end_of_record
SF:lib/ui/views/tv_search/tv_search_view.dart
DA:12,1
DA:14,1
DA:16,1
DA:17,1
DA:18,1
DA:19,1
DA:22,1
DA:24,1
DA:26,1
DA:27,1
DA:28,0
DA:29,0
DA:39,1
DA:41,1
DA:43,1
DA:44,1
DA:45,1
DA:46,1
DA:52,1
DA:53,1
DA:54,1
DA:55,1
DA:57,1
DA:61,1
DA:67,1
DA:68,1
DA:69,1
DA:70,2
DA:72,1
DA:73,2
DA:74,1
DA:75,2
DA:76,2
DA:78,2
DA:79,1
DA:80,0
DA:81,0
DA:84,0
DA:91,1
DA:92,1
DA:93,1
DA:95,1
LF:42
LH:37
end_of_record
SF:lib/domain/usecases/get_watchlist_tv.dart
DA:10,1
DA:12,1
DA:13,2
LF:3
LH:3
end_of_record
SF:lib/ui/views/watchlist/tv/watchlist_tv_provider.dart
DA:8,1
DA:11,2
DA:14,2
DA:16,2
DA:18,1
DA:19,1
DA:20,1
DA:22,2
DA:23,1
DA:24,1
DA:25,1
DA:26,2
DA:27,1
DA:29,1
DA:30,1
DA:31,1
DA:32,1
DA:33,1
DA:35,1
DA:36,1
DA:37,1
LF:21
LH:21
end_of_record
SF:lib/domain/usecases/get_watchlist_movie.dart
DA:10,1
DA:12,1
DA:13,2
LF:3
LH:3
end_of_record
SF:lib/ui/views/watchlist/movie/watchlist_movie_provider.dart
DA:9,1
DA:12,2
DA:15,2
DA:17,2
DA:19,1
DA:20,1
DA:21,1
DA:23,2
DA:24,1
DA:25,1
DA:26,1
DA:27,2
DA:28,1
DA:30,1
DA:31,1
DA:32,1
DA:33,1
DA:34,1
DA:36,1
DA:37,1
DA:38,1
LF:21
LH:21
end_of_record
SF:lib/ui/views/watchlist/tv/watchlist_tv_view.dart
DA:12,1
DA:14,1
DA:15,1
DA:19,1
DA:21,2
DA:22,3
DA:24,1
DA:27,1
DA:29,1
DA:30,4
DA:33,0
DA:35,0
DA:38,1
DA:40,1
DA:42,1
DA:43,1
DA:44,1
DA:45,1
DA:46,0
DA:47,1
DA:48,1
DA:49,1
DA:51,1
DA:54,1
DA:58,1
DA:59,1
DA:60,2
DA:61,1
DA:62,2
DA:63,1
DA:64,2
DA:65,2
DA:66,2
DA:67,1
DA:68,0
DA:69,0
DA:72,0
DA:78,0
DA:79,0
DA:80,0
DA:82,0
DA:91,1
DA:93,2
DA:94,1
LF:44
LH:34
end_of_record
SF:lib/core/route_observer.dart
DA:3,6
LF:1
LH:1
end_of_record
SF:lib/ui/views/watchlist/movie/watchlist_movie_view.dart
DA:11,1
DA:13,1
DA:14,1
DA:19,1
DA:21,2
DA:22,3
DA:24,1
DA:27,1
DA:29,1
DA:30,4
DA:33,0
DA:35,0
DA:38,1
DA:40,1
DA:42,1
DA:43,1
DA:44,1
DA:45,1
DA:46,0
DA:47,1
DA:48,1
DA:49,1
DA:51,1
DA:54,1
DA:58,1
DA:59,1
DA:60,2
DA:61,1
DA:62,2
DA:63,1
DA:64,2
DA:65,2
DA:66,2
DA:67,1
DA:68,0
DA:69,0
DA:72,0
DA:78,0
DA:79,0
DA:80,0
DA:82,0
DA:91,1
DA:93,2
DA:94,1
LF:44
LH:34
end_of_record
SF:lib/core/error/exception.dart
DA:6,3
LF:1
LH:1
end_of_record
SF:lib/data/repositories/tv_repository_impl.dart
DA:17,1
DA:22,1
DA:25,2
DA:26,1
DA:27,1
DA:29,1
DA:34,1
DA:37,2
DA:38,1
DA:39,1
DA:41,1
DA:46,1
DA:49,2
DA:50,1
DA:51,1
DA:53,1
DA:58,1
DA:61,2
DA:62,1
DA:63,1
DA:65,1
DA:70,1
DA:73,2
DA:74,1
DA:75,1
DA:77,1
DA:82,1
DA:85,2
DA:86,1
DA:87,1
DA:89,1
DA:94,1
DA:97,2
DA:98,0
DA:99,3
DA:100,1
DA:101,1
DA:102,1
DA:103,0
DA:107,1
DA:109,2
DA:113,1
DA:116,1
DA:117,2
DA:118,1
DA:119,1
DA:120,3
DA:124,1
DA:127,1
DA:128,2
DA:129,1
DA:130,1
DA:131,3
LF:53
LH:51
end_of_record
SF:lib/domain/entities/watchlist.dart
DA:9,10
DA:25,2
DA:26,1
DA:27,1
DA:28,1
DA:29,1
DA:30,1
DA:33,2
DA:37,2
DA:38,2
DA:39,2
DA:40,2
DA:41,2
DA:42,2
DA:46,2
DA:47,1
DA:48,1
DA:49,1
DA:50,1
DA:51,1
DA:54,2
DA:58,2
DA:59,2
DA:60,2
DA:61,2
DA:62,2
DA:63,2
DA:67,5
DA:68,30
LF:29
LH:29
end_of_record
SF:lib/data/repositories/movie_repository_impl.dart
DA:17,1
DA:22,1
DA:25,2
DA:26,1
DA:27,1
DA:29,1
DA:34,1
DA:37,2
DA:38,1
DA:39,1
DA:41,1
DA:46,1
DA:49,2
DA:50,1
DA:51,1
DA:53,1
DA:58,1
DA:61,2
DA:62,1
DA:63,1
DA:65,1
DA:70,1
DA:73,2
DA:74,1
DA:75,1
DA:77,1
DA:82,1
DA:85,2
DA:86,1
DA:87,1
DA:89,1
DA:94,1
DA:97,2
DA:98,0
DA:99,3
DA:100,1
DA:101,1
DA:102,1
DA:103,0
DA:107,1
DA:109,2
DA:113,1
DA:116,2
DA:117,1
DA:118,1
DA:119,1
DA:120,3
DA:124,1
DA:127,2
DA:128,1
DA:129,1
DA:130,1
DA:131,3
LF:53
LH:51
end_of_record
SF:lib/data/models/watchlist_model.dart
DA:4,4
DA:11,2
DA:20,4
DA:21,2
DA:22,2
DA:23,2
DA:24,2
DA:25,2
DA:26,4
DA:29,1
DA:30,1
DA:31,1
DA:32,1
DA:33,1
DA:34,1
DA:35,1
LF:16
LH:16
end_of_record
SF:lib/data/models/movie_model.dart
DA:4,5
DA:18,3
DA:34,6
DA:35,3
DA:36,3
DA:37,12
DA:38,3
DA:39,3
DA:40,3
DA:41,6
DA:42,3
DA:43,3
DA:44,3
DA:45,3
DA:46,6
DA:47,3
DA:50,4
DA:51,2
DA:52,2
DA:53,8
DA:54,2
DA:55,2
DA:56,2
DA:57,2
DA:58,2
DA:59,2
DA:60,2
DA:61,2
DA:62,2
DA:63,2
LF:30
LH:30
end_of_record
SF:lib/data/models/wrapper/movie_wrapper.dart
DA:8,3
DA:10,4
DA:11,2
DA:12,2
DA:13,6
DA:14,6
DA:18,2
DA:19,1
DA:20,2
DA:21,2
DA:26,1
DA:27,2
LF:12
LH:12
end_of_record
SF:lib/data/models/genre_model.dart
DA:4,11
DA:7,5
DA:9,10
DA:10,5
DA:11,5
DA:14,6
DA:15,3
DA:16,3
LF:8
LH:8
end_of_record
SF:lib/data/models/tv_detail_model.dart
DA:9,3
DA:36,2
DA:65,4
DA:66,2
DA:67,2
DA:68,8
DA:69,2
DA:71,10
DA:72,2
DA:73,2
DA:74,2
DA:75,8
DA:76,2
DA:77,2
DA:78,2
DA:79,2
DA:80,2
DA:81,8
DA:82,2
DA:83,2
DA:84,2
DA:85,4
DA:86,2
DA:87,2
DA:88,8
DA:89,2
DA:90,2
DA:91,2
DA:92,4
DA:93,2
DA:96,2
DA:97,1
DA:98,1
DA:100,4
DA:101,1
DA:102,3
DA:103,5
DA:105,0
DA:106,1
DA:107,1
DA:108,1
DA:109,4
DA:110,1
DA:111,1
DA:112,1
DA:113,1
DA:114,1
DA:116,4
DA:117,1
DA:118,1
DA:119,1
DA:120,1
DA:121,1
DA:122,5
DA:123,1
DA:124,1
DA:125,1
DA:126,1
DA:127,1
DA:128,1
DA:129,1
DA:130,1
DA:131,0
DA:132,1
DA:133,1
DA:134,1
DA:135,1
DA:136,1
LF:68
LH:66
end_of_record
SF:lib/data/models/tv_model.dart
DA:4,3
DA:18,2
DA:34,2
DA:35,2
DA:36,2
DA:37,2
DA:38,8
DA:39,2
DA:40,2
DA:41,8
DA:42,2
DA:43,2
DA:44,2
DA:45,4
DA:46,2
DA:47,4
DA:48,2
DA:51,1
DA:52,1
DA:53,1
DA:54,1
DA:55,4
DA:56,1
DA:57,1
DA:58,4
DA:59,1
DA:60,1
DA:61,1
DA:62,1
DA:63,1
DA:64,1
DA:65,1
LF:32
LH:32
end_of_record
SF:lib/data/models/movie_detail_model.dart
DA:5,3
DA:27,2
DA:51,2
DA:52,2
DA:53,2
DA:54,2
DA:55,2
DA:56,2
DA:57,8
DA:59,2
DA:60,2
DA:61,2
DA:62,2
DA:63,2
DA:64,2
DA:65,4
DA:66,2
DA:67,2
DA:68,2
DA:69,2
DA:70,2
DA:71,2
DA:72,2
DA:73,2
DA:74,4
DA:75,2
DA:78,2
DA:79,1
DA:80,1
DA:81,1
DA:82,3
DA:83,5
DA:84,0
DA:85,1
DA:86,1
DA:87,1
DA:88,1
DA:89,1
DA:90,1
DA:91,1
DA:92,1
DA:93,1
DA:94,1
DA:95,1
DA:96,1
DA:97,1
DA:98,1
DA:99,1
DA:100,1
DA:101,1
LF:50
LH:49
end_of_record
SF:lib/data/models/wrapper/tv_wrapper.dart
DA:9,1
DA:11,2
DA:12,1
DA:13,1
DA:14,3
DA:15,3
DA:19,0
DA:20,0
DA:21,0
DA:22,0
DA:27,0
DA:28,0
LF:12
LH:6
end_of_record
SF:lib/data/sources/server/tv_server_source_impl.dart
DA:15,1
DA:17,1
DA:19,2
DA:20,1
DA:21,1
DA:24,2
DA:25,4
DA:27,1
DA:31,1
DA:33,2
DA:34,1
DA:35,1
DA:38,2
DA:39,4
DA:41,1
DA:45,1
DA:47,2
DA:48,1
DA:49,1
DA:53,2
DA:54,4
DA:56,1
DA:60,1
DA:62,2
DA:63,1
DA:64,1
DA:68,2
DA:69,4
DA:71,1
DA:75,1
DA:77,2
DA:78,1
DA:79,1
DA:83,2
DA:84,3
DA:86,1
DA:90,1
DA:92,2
DA:93,1
DA:94,1
DA:98,2
DA:99,4
DA:101,1
LF:43
LH:43
end_of_record
SF:lib/data/sources/server/movie_server_source_impl.dart
DA:17,1
DA:19,1
DA:21,2
DA:22,1
DA:23,1
DA:27,2
DA:28,3
DA:30,1
DA:34,1
DA:36,2
DA:37,1
DA:38,1
DA:42,2
DA:43,4
DA:45,1
DA:49,1
DA:51,2
DA:52,1
DA:53,1
DA:56,2
DA:57,4
DA:59,1
DA:63,1
DA:65,2
DA:66,1
DA:67,1
DA:70,2
DA:71,4
DA:73,1
DA:77,1
DA:79,2
DA:80,1
DA:81,1
DA:85,2
DA:86,4
DA:88,1
DA:92,1
DA:94,2
DA:95,1
DA:96,1
DA:100,2
DA:101,4
DA:103,1
LF:43
LH:43
end_of_record
SF:lib/core/database/dao/watchlist_dao.dart
DA:16,0
DA:17,0
DA:18,0
DA:20,0
DA:21,0
DA:22,0
DA:23,0
DA:24,0
DA:25,0
DA:26,0
DA:27,0
DA:31,0
DA:32,0
DA:33,0
DA:35,0
DA:36,0
DA:40,0
DA:41,0
DA:42,0
DA:45,0
DA:47,0
DA:51,0
DA:52,0
DA:53,0
LF:24
LH:0
end_of_record
SF:lib/data/sources/local/watchlist_local_source_impl.dart
DA:11,1
DA:13,1
DA:15,2
DA:17,1
DA:23,1
DA:26,2
DA:27,4
DA:29,0
DA:33,1
DA:36,2
DA:39,2
DA:43,1
DA:46,2
DA:49,2
LF:14
LH:13
end_of_record
SF:lib/core/database/app_database.dart
DA:8,0
DA:11,0
DA:14,0
DA:15,0
DA:18,0
DA:19,0
DA:20,0
DA:21,0
DA:24,0
DA:28,0
DA:29,0
DA:38,0
LF:12
LH:0
end_of_record
SF:lib/domain/usecases/get_top_rated_tv.dart
DA:10,1
DA:12,1
DA:13,2
LF:3
LH:3
end_of_record
SF:lib/domain/usecases/get_popular_tv.dart
DA:10,1
DA:12,1
DA:13,2
LF:3
LH:3
end_of_record
